FAIL: seq1 -> 4 mismatches
FAIL: eq1 -> 3 mismatches
PASS: q1 -> 2 mismatches
PASS: 1 -> 1 mismatches
FAIL: nan -> 3 mismatches
FAIL: nan -> 3 mismatches
FAIL: nan -> 3 mismatches
FAIL: nan -> 3 mismatches
FAIL: nan -> 3 mismatches
FAIL: nan -> 3 mismatches
FAIL: nan -> 3 mismatches
FAIL: nan -> 3 mismatches
FAIL: nan -> 3 mismatches
FAIL: nan -> 3 mismatches
FAIL: nan -> 3 mismatches
FAIL: nan -> 3 mismatches
FAIL: nan -> 3 mismatches
FAIL: nan -> 3 mismatches
FAIL: seq3 -> 4 mismatches
FAIL: eq3 -> 3 mismatches
PASS: q3 -> 2 mismatches
PASS: 3 -> 1 mismatches
FAIL: nan -> 3 mismatches
FAIL: nan -> 3 mismatches
FAIL: nan -> 3 mismatches
FAIL: nan -> 3 mismatches
FAIL: nan -> 3 mismatches
FAIL: nan -> 3 mismatches
FAIL: nan -> 3 mismatches
FAIL: nan -> 3 mismatches
FAIL: nan -> 3 mismatches
FAIL: nan -> 3 mismatches
FAIL: nan -> 3 mismatches
FAIL: nan -> 3 mismatches
FAIL: nan -> 3 mismatches
FAIL: nan -> 3 mismatches